23:36:43.106 INFO [main] org.lenskit.cli.Main: Starting LensKit 3.0-M1 on Java 1.8.0_151 from Oracle Corporation
23:36:43.135 DEBUG [main] org.lenskit.LenskitInfo: have 5573 active revisions
23:36:43.143 DEBUG [main] org.lenskit.cli.Main: Built from Git revision c0210fa3281ef8b15b0959bcd5fced43c5fec38a
23:36:43.143 DEBUG [main] org.lenskit.cli.Main: Using VM 'Java HotSpot(TM) 64-Bit Server VM' version 25.151-b12 from Oracle Corporation
23:36:43.143 INFO [main] org.lenskit.cli.Main: Have 4 processors and heap limit of 1820 MiB
23:36:43.160 INFO [main] org.lenskit.cli.util.RecommenderLoader: creating fresh recommender
23:36:43.847 INFO [main] org.lenskit.config.ConfigurationLoader: loading script from file:/Users/chujiechen/Documents/User/Study/Self-study/Coding/Coursera/01Software%20Engineer/05MachineLearning/04ELECTIVES/07_Nearest%20Neighbor%20Collaborative%20Filtering/uu-assignment/etc/user-user.groovy
23:36:44.591 DEBUG [main] org.lenskit.data.dao.file.TextEntitySource: loading source ratings with base URI file:/Users/chujiechen/Documents/User/Study/Self-study/Coding/Coursera/01Software%20Engineer/05MachineLearning/04ELECTIVES/07_Nearest%20Neighbor%20Collaborative%20Filtering/uu-assignment/data/movielens.yml
23:36:44.592 DEBUG [main] org.lenskit.data.dao.file.TextEntitySource: resolved file URI: file:/Users/chujiechen/Documents/User/Study/Self-study/Coding/Coursera/01Software%20Engineer/05MachineLearning/04ELECTIVES/07_Nearest%20Neighbor%20Collaborative%20Filtering/uu-assignment/data/ratings.csv
23:36:44.600 INFO [main] org.lenskit.data.dao.file.TextEntitySource: loading text file source ratings to read from file:/Users/chujiechen/Documents/User/Study/Self-study/Coding/Coursera/01Software%20Engineer/05MachineLearning/04ELECTIVES/07_Nearest%20Neighbor%20Collaborative%20Filtering/uu-assignment/data/ratings.csv
23:36:44.605 DEBUG [main] org.lenskit.data.dao.file.TextEntitySource: ratings: using delimiter ,
23:36:44.605 DEBUG [main] org.lenskit.data.dao.file.TextEntitySource: ratings: reading header
23:36:44.605 DEBUG [main] org.lenskit.data.dao.file.TextEntitySource: ratings: reading entities of type EntityType[rating]
23:36:44.654 DEBUG [main] org.lenskit.data.dao.file.TextEntitySource: class org.lenskit.data.ratings.RatingBuilder: using entity builder {}
23:36:44.654 DEBUG [main] org.lenskit.data.dao.file.TextEntitySource: loading source movies with base URI file:/Users/chujiechen/Documents/User/Study/Self-study/Coding/Coursera/01Software%20Engineer/05MachineLearning/04ELECTIVES/07_Nearest%20Neighbor%20Collaborative%20Filtering/uu-assignment/data/movielens.yml
23:36:44.654 DEBUG [main] org.lenskit.data.dao.file.TextEntitySource: resolved file URI: file:/Users/chujiechen/Documents/User/Study/Self-study/Coding/Coursera/01Software%20Engineer/05MachineLearning/04ELECTIVES/07_Nearest%20Neighbor%20Collaborative%20Filtering/uu-assignment/data/movies.csv
23:36:44.654 INFO [main] org.lenskit.data.dao.file.TextEntitySource: loading text file source movies to read from file:/Users/chujiechen/Documents/User/Study/Self-study/Coding/Coursera/01Software%20Engineer/05MachineLearning/04ELECTIVES/07_Nearest%20Neighbor%20Collaborative%20Filtering/uu-assignment/data/movies.csv
23:36:44.654 DEBUG [main] org.lenskit.data.dao.file.TextEntitySource: movies: using delimiter ,
23:36:44.654 DEBUG [main] org.lenskit.data.dao.file.TextEntitySource: movies: reading header
23:36:44.654 DEBUG [main] org.lenskit.data.dao.file.TextEntitySource: movies: reading entities of type EntityType[item]
23:36:44.655 DEBUG [main] org.lenskit.data.dao.file.TextEntitySource: class org.lenskit.data.entities.BasicEntityBuilder: using entity builder {}
23:36:44.655 DEBUG [main] org.lenskit.data.dao.file.TextEntitySource: loading source tags with base URI file:/Users/chujiechen/Documents/User/Study/Self-study/Coding/Coursera/01Software%20Engineer/05MachineLearning/04ELECTIVES/07_Nearest%20Neighbor%20Collaborative%20Filtering/uu-assignment/data/movielens.yml
23:36:44.655 DEBUG [main] org.lenskit.data.dao.file.TextEntitySource: resolved file URI: file:/Users/chujiechen/Documents/User/Study/Self-study/Coding/Coursera/01Software%20Engineer/05MachineLearning/04ELECTIVES/07_Nearest%20Neighbor%20Collaborative%20Filtering/uu-assignment/data/tags.csv
23:36:44.655 INFO [main] org.lenskit.data.dao.file.TextEntitySource: loading text file source tags to read from file:/Users/chujiechen/Documents/User/Study/Self-study/Coding/Coursera/01Software%20Engineer/05MachineLearning/04ELECTIVES/07_Nearest%20Neighbor%20Collaborative%20Filtering/uu-assignment/data/tags.csv
23:36:44.655 DEBUG [main] org.lenskit.data.dao.file.TextEntitySource: tags: using delimiter ,
23:36:44.655 DEBUG [main] org.lenskit.data.dao.file.TextEntitySource: tags: reading header
23:36:44.655 DEBUG [main] org.lenskit.data.dao.file.TextEntitySource: tags: reading entities of type EntityType[item-tag]
23:36:44.655 DEBUG [main] org.lenskit.data.dao.file.TextEntitySource: class org.lenskit.data.entities.BasicEntityBuilder: using entity builder {}
23:36:44.662 DEBUG [main] org.lenskit.LenskitRecommenderEngineBuilder: building graph from 3 configurations
23:36:44.722 DEBUG [main] org.lenskit.inject.RecommenderInstantiator: replacing nodes in graph with 12 nodes
23:36:44.728 DEBUG [main] org.lenskit.inject.RecommenderInstantiator: found 3 shared nodes
23:36:44.728 DEBUG [main] org.lenskit.inject.RecommenderInstantiator: final graph has 12 nodes
23:36:44.729 INFO [main] org.lenskit.cli.util.RecommenderLoader: built recommender in 67.44 ms
23:36:45.928 INFO [main] org.lenskit.data.dao.file.StaticDataSource: deriving entity type EntityType[user] from EntityType[rating] (column TypedName[user: long])
23:36:46.577 INFO [main] org.lenskit.data.dao.file.StaticDataSource: deriving entity type EntityType[item] from EntityType[rating] (column TypedName[item: long])
23:36:46.622 DEBUG [main] org.lenskit.data.entities.EntityCollectionBuilder: built collection of 2500 entities with type EntityType[item] and 2 indexes
23:36:46.656 DEBUG [main] org.lenskit.data.entities.EntityCollectionBuilder: built collection of 264505 entities with type EntityType[rating] and 2 indexes
23:36:46.671 DEBUG [main] org.lenskit.data.entities.EntityCollectionBuilder: built collection of 94875 entities with type EntityType[item-tag] and 2 indexes
23:36:46.671 DEBUG [main] org.lenskit.data.entities.EntityCollectionBuilder: built collection of 862 entities with type EntityType[user] and 2 indexes
23:36:46.678 INFO [main] org.lenskit.cli.commands.Recommend: recommending for 1 users
23:36:46.693 DEBUG [main] org.lenskit.basic.TopNItemRecommender: computing effective candidates for user 320 from 2500 candidates and 62 excluded items
23:36:46.696 DEBUG [main] org.lenskit.basic.TopNItemRecommender: Computing 10 recommendations for user 320 from 2438 candidates
23:36:46.699 ERROR [main] org.lenskit.cli.Main: error running command: java.lang.UnsupportedOperationException: not yet implemented
java.lang.UnsupportedOperationException: not yet implemented
	at org.lenskit.mooc.uu.SimpleUserUserItemScorer.scoreWithDetails(SimpleUserUserItemScorer.java:49) ~[main/:na]
	at org.lenskit.basic.TopNItemRecommender.recommendWithDetails(TopNItemRecommender.java:117) ~[lenskit-core-3.0-M1.jar:na]
	at org.lenskit.basic.AbstractItemRecommender.recommendWithDetails(AbstractItemRecommender.java:82) ~[lenskit-core-3.0-M1.jar:na]
	at org.lenskit.cli.commands.Recommend.execute(Recommend.java:83) ~[lenskit-cli-3.0-M1.jar:na]
	at org.lenskit.cli.Main.main(Main.java:73) ~[lenskit-cli-3.0-M1.jar:na]
